<?xml version="1.0" encoding="UTF-8"?><testrun name="TestEventRegistrationController" project="FoodTruckManagementSystem" tests="12" started="12" failures="1" errors="0" ignored="0">
  <testsuite name="ca.mcgill.ecse321.foodtruckmanagementsystem.controller.TestEventRegistrationController" time="0.0">
    <testcase name="testCreateSupply" classname="ca.mcgill.ecse321.foodtruckmanagementsystem.controller.TestEventRegistrationController" time="0.0">
      <failure>java.lang.AssertionError: Use assertEquals(expected, actual, delta) to compare floating-point numbers&#13;
	at org.junit.Assert.fail(Assert.java:88)&#13;
	at org.junit.Assert.assertEquals(Assert.java:576)&#13;
	at org.junit.Assert.assertEquals(Assert.java:565)&#13;
	at ca.mcgill.ecse321.foodtruckmanagementsystem.controller.TestEventRegistrationController.checkResultSupply(TestEventRegistrationController.java:837)&#13;
	at ca.mcgill.ecse321.foodtruckmanagementsystem.controller.TestEventRegistrationController.testCreateSupply(TestEventRegistrationController.java:320)&#13;
	at sun.reflect.NativeMethodAccessorImpl.invoke0(Native Method)&#13;
	at sun.reflect.NativeMethodAccessorImpl.invoke(Unknown Source)&#13;
	at sun.reflect.DelegatingMethodAccessorImpl.invoke(Unknown Source)&#13;
	at java.lang.reflect.Method.invoke(Unknown Source)&#13;
	at org.junit.runners.model.FrameworkMethod$1.runReflectiveCall(FrameworkMethod.java:47)&#13;
	at org.junit.internal.runners.model.ReflectiveCallable.run(ReflectiveCallable.java:12)&#13;
	at org.junit.runners.model.FrameworkMethod.invokeExplosively(FrameworkMethod.java:44)&#13;
	at org.junit.internal.runners.statements.InvokeMethod.evaluate(InvokeMethod.java:17)&#13;
	at org.junit.internal.runners.statements.RunAfters.evaluate(RunAfters.java:27)&#13;
	at org.junit.runners.ParentRunner.runLeaf(ParentRunner.java:271)&#13;
	at org.junit.runners.BlockJUnit4ClassRunner.runChild(BlockJUnit4ClassRunner.java:70)&#13;
	at org.junit.runners.BlockJUnit4ClassRunner.runChild(BlockJUnit4ClassRunner.java:50)&#13;
	at org.junit.runners.ParentRunner$3.run(ParentRunner.java:238)&#13;
	at org.junit.runners.ParentRunner$1.schedule(ParentRunner.java:63)&#13;
	at org.junit.runners.ParentRunner.runChildren(ParentRunner.java:236)&#13;
	at org.junit.runners.ParentRunner.access$000(ParentRunner.java:53)&#13;
	at org.junit.runners.ParentRunner$2.evaluate(ParentRunner.java:229)&#13;
	at org.junit.internal.runners.statements.RunBefores.evaluate(RunBefores.java:26)&#13;
	at org.junit.runners.ParentRunner.run(ParentRunner.java:309)&#13;
	at org.eclipse.jdt.internal.junit4.runner.JUnit4TestReference.run(JUnit4TestReference.java:50)&#13;
	at org.eclipse.jdt.internal.junit.runner.TestExecution.run(TestExecution.java:38)&#13;
	at org.eclipse.jdt.internal.junit.runner.RemoteTestRunner.runTests(RemoteTestRunner.java:459)&#13;
	at org.eclipse.jdt.internal.junit.runner.RemoteTestRunner.runTests(RemoteTestRunner.java:675)&#13;
	at org.eclipse.jdt.internal.junit.runner.RemoteTestRunner.run(RemoteTestRunner.java:382)&#13;
	at org.eclipse.jdt.internal.junit.runner.RemoteTestRunner.main(RemoteTestRunner.java:192)&#13;
&#13;
</failure>
    </testcase>
    <testcase name="testRemoveEquipment" classname="ca.mcgill.ecse321.foodtruckmanagementsystem.controller.TestEventRegistrationController" time="0.0"/>
    <testcase name="testCreateSupplySpaces" classname="ca.mcgill.ecse321.foodtruckmanagementsystem.controller.TestEventRegistrationController" time="0.0"/>
    <testcase name="testCreateSupplyStringEmpty" classname="ca.mcgill.ecse321.foodtruckmanagementsystem.controller.TestEventRegistrationController" time="0.0"/>
    <testcase name="testCreateEquipmentNameEmpty" classname="ca.mcgill.ecse321.foodtruckmanagementsystem.controller.TestEventRegistrationController" time="0.0"/>
    <testcase name="testCreateEquipment" classname="ca.mcgill.ecse321.foodtruckmanagementsystem.controller.TestEventRegistrationController" time="0.0"/>
    <testcase name="testCreateEquipmentNegativeQuantity" classname="ca.mcgill.ecse321.foodtruckmanagementsystem.controller.TestEventRegistrationController" time="0.0"/>
    <testcase name="testCreateSupplyNull" classname="ca.mcgill.ecse321.foodtruckmanagementsystem.controller.TestEventRegistrationController" time="0.0"/>
    <testcase name="testCreateEquipmentSpaces" classname="ca.mcgill.ecse321.foodtruckmanagementsystem.controller.TestEventRegistrationController" time="0.0"/>
    <testcase name="testCreateSupplyZeroQuantity" classname="ca.mcgill.ecse321.foodtruckmanagementsystem.controller.TestEventRegistrationController" time="0.0"/>
    <testcase name="testCreateSupplyNegativeQuantity" classname="ca.mcgill.ecse321.foodtruckmanagementsystem.controller.TestEventRegistrationController" time="0.0"/>
    <testcase name="testCreateEquipmentNull" classname="ca.mcgill.ecse321.foodtruckmanagementsystem.controller.TestEventRegistrationController" time="0.0"/>
  </testsuite>
</testrun>
